[ 2018-08-18T02:05:50+08:00 ] 127.0.0.1 /home/index/detail.html?id=29
INFO: [ app_init ] --START--
INFO: Run Behavior\BuildLiteBehavior [ RunTime:0.000000s ]
INFO: [ app_init ] --END-- [ RunTime:0.001000s ]
INFO: [ app_begin ] --START--
INFO: Run Behavior\ReadHtmlCacheBehavior [ RunTime:0.000000s ]
INFO: [ app_begin ] --END-- [ RunTime:0.000000s ]
SQL: SHOW COLUMNS FROM `zebra_article` [ RunTime:0.0050s ]
SQL: UPDATE `zebra_article` SET `hits`=hits+1 WHERE ( id = 29 ) [ RunTime:0.0000s ]
SQL: SELECT a.*,u.nickname FROM zebra_article a left join zebra_manager as u on a.user_id = u.id  WHERE ( a.id = 29 ) LIMIT 1   [ RunTime:0.0000s ]
NOTIC: [8] Undefined index: update_time F:\WAMP\tpshop\Application\Home\Controller\IndexController.class.php 第 197 行.
NOTIC: [8] Undefined index: md F:\WAMP\tpshop\Application\Home\Controller\IndexController.class.php 第 198 行.
NOTIC: [8] Undefined index: content F:\WAMP\tpshop\Application\Home\Controller\IndexController.class.php 第 208 行.
INFO: [ view_parse ] --START--
INFO: [ template_filter ] --START--
INFO: Run Behavior\ContentReplaceBehavior [ RunTime:0.001001s ]
INFO: [ template_filter ] --END-- [ RunTime:0.001001s ]
NOTIC: [8] Undefined index: title F:\WAMP\tpshop\Application\Runtime\Cache\Home\1223f42a89e823bf89547594651162de.php 第 182 行.
NOTIC: [8] Undefined index: hits F:\WAMP\tpshop\Application\Runtime\Cache\Home\1223f42a89e823bf89547594651162de.php 第 182 行.
NOTIC: [8] Undefined index: nickname F:\WAMP\tpshop\Application\Runtime\Cache\Home\1223f42a89e823bf89547594651162de.php 第 187 行.
NOTIC: [8] Undefined index: zan F:\WAMP\tpshop\Application\Runtime\Cache\Home\1223f42a89e823bf89547594651162de.php 第 187 行.
NOTIC: [8] Undefined variable: count F:\WAMP\tpshop\Application\Runtime\Cache\Home\1223f42a89e823bf89547594651162de.php 第 263 行.
NOTIC: [8] Undefined variable: times F:\WAMP\tpshop\Application\Runtime\Cache\Home\1223f42a89e823bf89547594651162de.php 第 302 行.
INFO: Run Behavior\ParseTemplateBehavior [ RunTime:0.060004s ]
INFO: [ view_parse ] --END-- [ RunTime:0.061004s ]
INFO: [ view_filter ] --START--
INFO: Run Behavior\WriteHtmlCacheBehavior [ RunTime:0.000000s ]
INFO: [ view_filter ] --END-- [ RunTime:0.000000s ]
INFO: [ app_end ] --START--
INFO: Run Behavior\ShowPageTraceBehavior [ RunTime:0.001000s ]
INFO: [ app_end ] --END-- [ RunTime:0.001000s ]

[ 2018-08-18T02:05:50+08:00 ] 127.0.0.1 /Home/index/verify.html
INFO: [ app_init ] --START--
INFO: Run Behavior\BuildLiteBehavior [ RunTime:0.000000s ]
INFO: [ app_init ] --END-- [ RunTime:0.001000s ]
INFO: [ app_begin ] --START--
INFO: Run Behavior\ReadHtmlCacheBehavior [ RunTime:0.001000s ]
INFO: [ app_begin ] --END-- [ RunTime:0.001000s ]
INFO: [ app_end ] --START--
INFO: Run Behavior\ShowPageTraceBehavior [ RunTime:0.001000s ]
INFO: [ app_end ] --END-- [ RunTime:0.002000s ]

