[ 2018-09-07T10:41:45+08:00 ] 127.0.0.1 /Static/app2.png
INFO: [ app_init ] --START--
INFO: Run Behavior\BuildLiteBehavior [ RunTime:0.000000s ]
INFO: [ app_init ] --END-- [ RunTime:0.001000s ]
ERR: 无法加载模块:Static

[ 2018-09-07T10:41:46+08:00 ] 127.0.0.1 /favicon.ico
INFO: [ app_init ] --START--
INFO: Run Behavior\BuildLiteBehavior [ RunTime:0.000000s ]
INFO: [ app_init ] --END-- [ RunTime:0.001000s ]
ERR: 无法加载模块:Favicon

[ 2018-09-07T10:42:04+08:00 ] 127.0.0.1 /Static/app2.png
INFO: [ app_init ] --START--
INFO: Run Behavior\BuildLiteBehavior [ RunTime:0.000000s ]
INFO: [ app_init ] --END-- [ RunTime:0.001000s ]
ERR: 无法加载模块:Static

[ 2018-09-07T10:42:22+08:00 ] 127.0.0.1 /Static/app2.png
INFO: [ app_init ] --START--
INFO: Run Behavior\BuildLiteBehavior [ RunTime:0.000000s ]
INFO: [ app_init ] --END-- [ RunTime:0.001000s ]
ERR: 无法加载模块:Static

[ 2018-09-07T10:42:30+08:00 ] 127.0.0.1 /Static/app2.png
INFO: [ app_init ] --START--
INFO: Run Behavior\BuildLiteBehavior [ RunTime:0.000000s ]
INFO: [ app_init ] --END-- [ RunTime:0.001000s ]
ERR: 无法加载模块:Static

[ 2018-09-07T10:43:28+08:00 ] 127.0.0.1 /Static/app2.png
INFO: [ app_init ] --START--
INFO: Run Behavior\BuildLiteBehavior [ RunTime:0.000000s ]
INFO: [ app_init ] --END-- [ RunTime:0.001000s ]
ERR: 无法加载模块:Static

[ 2018-09-07T10:46:39+08:00 ] 127.0.0.1 /Static/app2.png
INFO: [ app_init ] --START--
INFO: Run Behavior\BuildLiteBehavior [ RunTime:0.000000s ]
INFO: [ app_init ] --END-- [ RunTime:0.001000s ]
ERR: 无法加载模块:Static

[ 2018-09-07T12:27:14+08:00 ] 127.0.0.1 /Static/app2.png
INFO: [ app_init ] --START--
INFO: Run Behavior\BuildLiteBehavior [ RunTime:0.000000s ]
INFO: [ app_init ] --END-- [ RunTime:0.001000s ]
ERR: 无法加载模块:Static

[ 2018-09-07T12:27:43+08:00 ] 127.0.0.1 /Static/app2.png
INFO: [ app_init ] --START--
INFO: Run Behavior\BuildLiteBehavior [ RunTime:0.000000s ]
INFO: [ app_init ] --END-- [ RunTime:0.000000s ]
ERR: 无法加载模块:Static

[ 2018-09-07T12:27:52+08:00 ] 127.0.0.1 /Static/app2.png
INFO: [ app_init ] --START--
INFO: Run Behavior\BuildLiteBehavior [ RunTime:0.000000s ]
INFO: [ app_init ] --END-- [ RunTime:0.000000s ]
ERR: 无法加载模块:Static

[ 2018-09-07T12:28:12+08:00 ] 127.0.0.1 /Static/app2.png
INFO: [ app_init ] --START--
INFO: Run Behavior\BuildLiteBehavior [ RunTime:0.000000s ]
INFO: [ app_init ] --END-- [ RunTime:0.000000s ]
ERR: 无法加载模块:Static

[ 2018-09-07T12:42:40+08:00 ] 127.0.0.1 /Static/app2.png
INFO: [ app_init ] --START--
INFO: Run Behavior\BuildLiteBehavior [ RunTime:0.000000s ]
INFO: [ app_init ] --END-- [ RunTime:0.001000s ]
ERR: 无法加载模块:Static

[ 2018-09-07T12:45:54+08:00 ] 127.0.0.1 /Static/app2.png
INFO: [ app_init ] --START--
INFO: Run Behavior\BuildLiteBehavior [ RunTime:0.000000s ]
INFO: [ app_init ] --END-- [ RunTime:0.001000s ]
ERR: 无法加载模块:Static

[ 2018-09-07T12:46:57+08:00 ] 127.0.0.1 /Static/app2.png
INFO: [ app_init ] --START--
INFO: Run Behavior\BuildLiteBehavior [ RunTime:0.001000s ]
INFO: [ app_init ] --END-- [ RunTime:0.001000s ]
ERR: 无法加载模块:Static

[ 2018-09-07T12:47:18+08:00 ] 127.0.0.1 /Static/app2.png
INFO: [ app_init ] --START--
INFO: Run Behavior\BuildLiteBehavior [ RunTime:0.000000s ]
INFO: [ app_init ] --END-- [ RunTime:0.003000s ]
ERR: 无法加载模块:Static

[ 2018-09-07T12:48:01+08:00 ] 127.0.0.1 /Static/app2.png
INFO: [ app_init ] --START--
INFO: Run Behavior\BuildLiteBehavior [ RunTime:0.000000s ]
INFO: [ app_init ] --END-- [ RunTime:0.001000s ]
ERR: 无法加载模块:Static

[ 2018-09-07T13:11:19+08:00 ] 127.0.0.1 /Static/app2.png
INFO: [ app_init ] --START--
INFO: Run Behavior\BuildLiteBehavior [ RunTime:0.001000s ]
INFO: [ app_init ] --END-- [ RunTime:0.001000s ]
ERR: 无法加载模块:Static

[ 2018-09-07T13:11:35+08:00 ] 127.0.0.1 /Static/app2.png
INFO: [ app_init ] --START--
INFO: Run Behavior\BuildLiteBehavior [ RunTime:0.000000s ]
INFO: [ app_init ] --END-- [ RunTime:0.001000s ]
ERR: 无法加载模块:Static

[ 2018-09-07T13:11:43+08:00 ] 127.0.0.1 /Static/app2.png
INFO: [ app_init ] --START--
INFO: Run Behavior\BuildLiteBehavior [ RunTime:0.000000s ]
INFO: [ app_init ] --END-- [ RunTime:0.001001s ]
ERR: 无法加载模块:Static

[ 2018-09-07T13:12:03+08:00 ] 127.0.0.1 /Public/Home/images/zebra900.ico
INFO: [ app_init ] --START--
INFO: Run Behavior\BuildLiteBehavior [ RunTime:0.000000s ]
INFO: [ app_init ] --END-- [ RunTime:0.001000s ]
ERR: 无法加载模块:Public

[ 2018-09-07T13:14:39+08:00 ] 127.0.0.1 /Static/app2.png
INFO: [ app_init ] --START--
INFO: Run Behavior\BuildLiteBehavior [ RunTime:0.000000s ]
INFO: [ app_init ] --END-- [ RunTime:0.000000s ]
ERR: 无法加载模块:Static

[ 2018-09-07T13:14:58+08:00 ] 127.0.0.1 /Static/app2.png
INFO: [ app_init ] --START--
INFO: Run Behavior\BuildLiteBehavior [ RunTime:0.000000s ]
INFO: [ app_init ] --END-- [ RunTime:0.001001s ]
ERR: 无法加载模块:Static

[ 2018-09-07T13:18:26+08:00 ] 127.0.0.1 /Static/word1.jpg
INFO: [ app_init ] --START--
INFO: Run Behavior\BuildLiteBehavior [ RunTime:0.000000s ]
INFO: [ app_init ] --END-- [ RunTime:0.001000s ]
ERR: 无法加载模块:Static

[ 2018-09-07T13:23:08+08:00 ] 127.0.0.1 /Static/app2.png
INFO: [ app_init ] --START--
INFO: Run Behavior\BuildLiteBehavior [ RunTime:0.000000s ]
INFO: [ app_init ] --END-- [ RunTime:0.001000s ]
ERR: 无法加载模块:Static

[ 2018-09-07T13:23:30+08:00 ] 127.0.0.1 /Static/app2.png
INFO: [ app_init ] --START--
INFO: Run Behavior\BuildLiteBehavior [ RunTime:0.000000s ]
INFO: [ app_init ] --END-- [ RunTime:0.001001s ]
ERR: 无法加载模块:Static

[ 2018-09-07T13:25:17+08:00 ] 127.0.0.1 /Static/app2.png
INFO: [ app_init ] --START--
INFO: Run Behavior\BuildLiteBehavior [ RunTime:0.000000s ]
INFO: [ app_init ] --END-- [ RunTime:0.000000s ]
ERR: 无法加载模块:Static

[ 2018-09-07T13:25:25+08:00 ] 127.0.0.1 /Static/word1.jpg
INFO: [ app_init ] --START--
INFO: Run Behavior\BuildLiteBehavior [ RunTime:0.000000s ]
INFO: [ app_init ] --END-- [ RunTime:0.000000s ]
ERR: 无法加载模块:Static

[ 2018-09-07T13:28:31+08:00 ] 127.0.0.1 /Static/app2.png
INFO: [ app_init ] --START--
INFO: Run Behavior\BuildLiteBehavior [ RunTime:0.000000s ]
INFO: [ app_init ] --END-- [ RunTime:0.000000s ]
ERR: 无法加载模块:Static

[ 2018-09-07T13:29:42+08:00 ] 127.0.0.1 /Static/app2.png
INFO: [ app_init ] --START--
INFO: Run Behavior\BuildLiteBehavior [ RunTime:0.000000s ]
INFO: [ app_init ] --END-- [ RunTime:0.001000s ]
ERR: 无法加载模块:Static

[ 2018-09-07T13:29:45+08:00 ] 127.0.0.1 /Static/app2.png
INFO: [ app_init ] --START--
INFO: Run Behavior\BuildLiteBehavior [ RunTime:0.000000s ]
INFO: [ app_init ] --END-- [ RunTime:0.001000s ]
ERR: 无法加载模块:Static

[ 2018-09-07T13:30:02+08:00 ] 127.0.0.1 /Static/app2.png
INFO: [ app_init ] --START--
INFO: Run Behavior\BuildLiteBehavior [ RunTime:0.000000s ]
INFO: [ app_init ] --END-- [ RunTime:0.001000s ]
ERR: 无法加载模块:Static

[ 2018-09-07T13:31:16+08:00 ] 127.0.0.1 /Static/app2.png
INFO: [ app_init ] --START--
INFO: Run Behavior\BuildLiteBehavior [ RunTime:0.000000s ]
INFO: [ app_init ] --END-- [ RunTime:0.001000s ]
ERR: 无法加载模块:Static

[ 2018-09-07T13:31:50+08:00 ] 127.0.0.1 /Static/word1.jpg
INFO: [ app_init ] --START--
INFO: Run Behavior\BuildLiteBehavior [ RunTime:0.000000s ]
INFO: [ app_init ] --END-- [ RunTime:0.000000s ]
ERR: 无法加载模块:Static

[ 2018-09-07T13:32:02+08:00 ] 127.0.0.1 /Static/word1.jpg
INFO: [ app_init ] --START--
INFO: Run Behavior\BuildLiteBehavior [ RunTime:0.000000s ]
INFO: [ app_init ] --END-- [ RunTime:0.000000s ]
ERR: 无法加载模块:Static

[ 2018-09-07T13:32:17+08:00 ] 127.0.0.1 /Static/word1.jpg
INFO: [ app_init ] --START--
INFO: Run Behavior\BuildLiteBehavior [ RunTime:0.000000s ]
INFO: [ app_init ] --END-- [ RunTime:0.000000s ]
ERR: 无法加载模块:Static

[ 2018-09-07T13:32:40+08:00 ] 127.0.0.1 /Static/word1.jpg
INFO: [ app_init ] --START--
INFO: Run Behavior\BuildLiteBehavior [ RunTime:0.000000s ]
INFO: [ app_init ] --END-- [ RunTime:0.000000s ]
ERR: 无法加载模块:Static

[ 2018-09-07T13:33:10+08:00 ] 127.0.0.1 /Static/app2.png
INFO: [ app_init ] --START--
INFO: Run Behavior\BuildLiteBehavior [ RunTime:0.000000s ]
INFO: [ app_init ] --END-- [ RunTime:0.001000s ]
ERR: 无法加载模块:Static

[ 2018-09-07T13:33:39+08:00 ] 127.0.0.1 /Static/app2.png
INFO: [ app_init ] --START--
INFO: Run Behavior\BuildLiteBehavior [ RunTime:0.000000s ]
INFO: [ app_init ] --END-- [ RunTime:0.002000s ]
ERR: 无法加载模块:Static

[ 2018-09-07T13:39:53+08:00 ] 127.0.0.1 /Static/word1.jpg
INFO: [ app_init ] --START--
INFO: Run Behavior\BuildLiteBehavior [ RunTime:0.000000s ]
INFO: [ app_init ] --END-- [ RunTime:0.000000s ]
ERR: 无法加载模块:Static

[ 2018-09-07T13:40:01+08:00 ] 127.0.0.1 /Static/word1.jpg
INFO: [ app_init ] --START--
INFO: Run Behavior\BuildLiteBehavior [ RunTime:0.000000s ]
INFO: [ app_init ] --END-- [ RunTime:0.000000s ]
ERR: 无法加载模块:Static

[ 2018-09-07T13:49:05+08:00 ] 127.0.0.1 /Static/app2.png
INFO: [ app_init ] --START--
INFO: Run Behavior\BuildLiteBehavior [ RunTime:0.000000s ]
INFO: [ app_init ] --END-- [ RunTime:0.000000s ]
ERR: 无法加载模块:Static

[ 2018-09-07T13:49:40+08:00 ] 127.0.0.1 /Static/word1.jpg
INFO: [ app_init ] --START--
INFO: Run Behavior\BuildLiteBehavior [ RunTime:0.001000s ]
INFO: [ app_init ] --END-- [ RunTime:0.001000s ]
ERR: 无法加载模块:Static

[ 2018-09-07T13:49:54+08:00 ] 127.0.0.1 /Static/word1.jpg
INFO: [ app_init ] --START--
INFO: Run Behavior\BuildLiteBehavior [ RunTime:0.000000s ]
INFO: [ app_init ] --END-- [ RunTime:0.001000s ]
ERR: 无法加载模块:Static

[ 2018-09-07T13:50:13+08:00 ] 127.0.0.1 /Static/word1.jpg
INFO: [ app_init ] --START--
INFO: Run Behavior\BuildLiteBehavior [ RunTime:0.000000s ]
INFO: [ app_init ] --END-- [ RunTime:0.001000s ]
ERR: 无法加载模块:Static

[ 2018-09-07T13:50:20+08:00 ] 127.0.0.1 /Static/word1.jpg
INFO: [ app_init ] --START--
INFO: Run Behavior\BuildLiteBehavior [ RunTime:0.000000s ]
INFO: [ app_init ] --END-- [ RunTime:0.000000s ]
ERR: 无法加载模块:Static

[ 2018-09-07T13:50:36+08:00 ] 127.0.0.1 /Static/app2.png
INFO: [ app_init ] --START--
INFO: Run Behavior\BuildLiteBehavior [ RunTime:0.000000s ]
INFO: [ app_init ] --END-- [ RunTime:0.000000s ]
ERR: 无法加载模块:Static

[ 2018-09-07T13:55:24+08:00 ] 127.0.0.1 /Static/app2.png
INFO: [ app_init ] --START--
INFO: Run Behavior\BuildLiteBehavior [ RunTime:0.000000s ]
INFO: [ app_init ] --END-- [ RunTime:0.001000s ]
ERR: 无法加载模块:Static

[ 2018-09-07T13:58:23+08:00 ] 127.0.0.1 /Static/app2.png
INFO: [ app_init ] --START--
INFO: Run Behavior\BuildLiteBehavior [ RunTime:0.000000s ]
INFO: [ app_init ] --END-- [ RunTime:0.000000s ]
ERR: 无法加载模块:Static

[ 2018-09-07T13:58:32+08:00 ] 127.0.0.1 /Static/app2.png
INFO: [ app_init ] --START--
INFO: Run Behavior\BuildLiteBehavior [ RunTime:0.000000s ]
INFO: [ app_init ] --END-- [ RunTime:0.001000s ]
ERR: 无法加载模块:Static

[ 2018-09-07T13:58:58+08:00 ] 127.0.0.1 /Static/app2.png
INFO: [ app_init ] --START--
INFO: Run Behavior\BuildLiteBehavior [ RunTime:0.000000s ]
INFO: [ app_init ] --END-- [ RunTime:0.000000s ]
ERR: 无法加载模块:Static

[ 2018-09-07T13:59:04+08:00 ] 127.0.0.1 /Static/app2.png
INFO: [ app_init ] --START--
INFO: Run Behavior\BuildLiteBehavior [ RunTime:0.000000s ]
INFO: [ app_init ] --END-- [ RunTime:0.001000s ]
ERR: 无法加载模块:Static

[ 2018-09-07T13:59:54+08:00 ] 127.0.0.1 /Static/app2.png
INFO: [ app_init ] --START--
INFO: Run Behavior\BuildLiteBehavior [ RunTime:0.000000s ]
INFO: [ app_init ] --END-- [ RunTime:0.001000s ]
ERR: 无法加载模块:Static

[ 2018-09-07T14:00:34+08:00 ] 127.0.0.1 /Static/app2.png
INFO: [ app_init ] --START--
INFO: Run Behavior\BuildLiteBehavior [ RunTime:0.000000s ]
INFO: [ app_init ] --END-- [ RunTime:0.001000s ]
ERR: 无法加载模块:Static

[ 2018-09-07T14:00:37+08:00 ] 127.0.0.1 /Static/app2.png
INFO: [ app_init ] --START--
INFO: Run Behavior\BuildLiteBehavior [ RunTime:0.000000s ]
INFO: [ app_init ] --END-- [ RunTime:0.001000s ]
ERR: 无法加载模块:Static

[ 2018-09-07T14:00:42+08:00 ] 127.0.0.1 /Static/word1.jpg
INFO: [ app_init ] --START--
INFO: Run Behavior\BuildLiteBehavior [ RunTime:0.000000s ]
INFO: [ app_init ] --END-- [ RunTime:0.001000s ]
ERR: 无法加载模块:Static

[ 2018-09-07T14:00:48+08:00 ] 127.0.0.1 /Static/word1.jpg
INFO: [ app_init ] --START--
INFO: Run Behavior\BuildLiteBehavior [ RunTime:0.000000s ]
INFO: [ app_init ] --END-- [ RunTime:0.001000s ]
ERR: 无法加载模块:Static

[ 2018-09-07T14:00:53+08:00 ] 127.0.0.1 /Static/word1.jpg
INFO: [ app_init ] --START--
INFO: Run Behavior\BuildLiteBehavior [ RunTime:0.000000s ]
INFO: [ app_init ] --END-- [ RunTime:0.001000s ]
ERR: 无法加载模块:Static

[ 2018-09-07T14:00:57+08:00 ] 127.0.0.1 /Static/word1.jpg
INFO: [ app_init ] --START--
INFO: Run Behavior\BuildLiteBehavior [ RunTime:0.000000s ]
INFO: [ app_init ] --END-- [ RunTime:0.001000s ]
ERR: 无法加载模块:Static

[ 2018-09-07T14:51:04+08:00 ] 127.0.0.1 /Static/app2.png
ERR: 无法加载模块:Static

[ 2018-09-07T14:51:13+08:00 ] 127.0.0.1 /Static/word1.jpg
ERR: 无法加载模块:Static

[ 2018-09-07T14:51:37+08:00 ] 127.0.0.1 /Static/word1.jpg
ERR: 无法加载模块:Static

[ 2018-09-07T15:29:32+08:00 ] 127.0.0.1 /Static/app2.png
ERR: 无法加载模块:Static

[ 2018-09-07T15:29:50+08:00 ] 127.0.0.1 /Static/app2.png
ERR: 无法加载模块:Static

[ 2018-09-07T15:30:03+08:00 ] 127.0.0.1 /Static/app2.png
ERR: 无法加载模块:Static

[ 2018-09-07T15:30:25+08:00 ] 127.0.0.1 /Static/app2.png
ERR: 无法加载模块:Static

[ 2018-09-07T15:31:16+08:00 ] 127.0.0.1 /Static/app2.png
ERR: 无法加载模块:Static

[ 2018-09-07T15:31:52+08:00 ] 127.0.0.1 /Static/app2.png
ERR: 无法加载模块:Static

[ 2018-09-07T15:32:13+08:00 ] 127.0.0.1 /Static/app2.png
ERR: 无法加载模块:Static

[ 2018-09-07T15:33:26+08:00 ] 127.0.0.1 /Static/app2.png
ERR: 无法加载模块:Static

[ 2018-09-07T15:33:55+08:00 ] 127.0.0.1 /Static/app2.png
ERR: 无法加载模块:Static

[ 2018-09-07T15:35:30+08:00 ] 127.0.0.1 /Static/app2.png
ERR: 无法加载模块:Static

[ 2018-09-07T15:36:56+08:00 ] 127.0.0.1 /Static/app2.png
ERR: 无法加载模块:Static

[ 2018-09-07T15:37:10+08:00 ] 127.0.0.1 /Static/app2.png
ERR: 无法加载模块:Static

[ 2018-09-07T15:38:19+08:00 ] 127.0.0.1 /Static/word1.jpg
ERR: 无法加载模块:Static

[ 2018-09-07T15:39:14+08:00 ] 127.0.0.1 /Static/word1.jpg
ERR: 无法加载模块:Static

[ 2018-09-07T15:39:51+08:00 ] 127.0.0.1 /favicon.ico
ERR: 无法加载模块:Favicon

[ 2018-09-07T15:44:19+08:00 ] 127.0.0.1 /Static/app2.png
ERR: 无法加载模块:Static

