[ 2018-09-07T13:18:17+08:00 ] 127.0.0.1 /Admin/login/index.html
INFO: [ app_init ] --START--
INFO: Run Behavior\BuildLiteBehavior [ RunTime:0.000000s ]
INFO: [ app_init ] --END-- [ RunTime:0.001000s ]
INFO: [ app_begin ] --START--
INFO: Run Behavior\ReadHtmlCacheBehavior [ RunTime:0.002000s ]
INFO: [ app_begin ] --END-- [ RunTime:0.002000s ]
INFO: [ view_parse ] --START--
INFO: [ template_filter ] --START--
INFO: Run Behavior\ContentReplaceBehavior [ RunTime:0.000000s ]
INFO: [ template_filter ] --END-- [ RunTime:0.000000s ]
INFO: Run Behavior\ParseTemplateBehavior [ RunTime:0.023001s ]
INFO: [ view_parse ] --END-- [ RunTime:0.023001s ]
INFO: [ view_filter ] --START--
INFO: Run Behavior\WriteHtmlCacheBehavior [ RunTime:0.001000s ]
INFO: [ view_filter ] --END-- [ RunTime:0.001000s ]
INFO: [ app_end ] --START--
INFO: Run Behavior\ShowPageTraceBehavior [ RunTime:0.002001s ]
INFO: [ app_end ] --END-- [ RunTime:0.002001s ]

[ 2018-09-07T13:18:17+08:00 ] 127.0.0.1 /Admin/Login/captcha
INFO: [ app_init ] --START--
INFO: Run Behavior\BuildLiteBehavior [ RunTime:0.000000s ]
INFO: [ app_init ] --END-- [ RunTime:0.001000s ]
INFO: [ app_begin ] --START--
INFO: Run Behavior\ReadHtmlCacheBehavior [ RunTime:0.002000s ]
INFO: [ app_begin ] --END-- [ RunTime:0.002000s ]
INFO: [ app_end ] --START--
INFO: Run Behavior\ShowPageTraceBehavior [ RunTime:0.001000s ]
INFO: [ app_end ] --END-- [ RunTime:0.002000s ]

[ 2018-09-07T13:18:25+08:00 ] 127.0.0.1 /Admin/Login/ajaxlogin
INFO: [ app_init ] --START--
INFO: Run Behavior\BuildLiteBehavior [ RunTime:0.000000s ]
INFO: [ app_init ] --END-- [ RunTime:0.000000s ]
INFO: [ app_begin ] --START--
INFO: Run Behavior\ReadHtmlCacheBehavior [ RunTime:0.000000s ]
INFO: [ app_begin ] --END-- [ RunTime:0.000000s ]
SQL: SHOW COLUMNS FROM `zebra_manager` [ RunTime:0.0312s ]
SQL: SELECT * FROM `zebra_manager` WHERE `username` = 'lvlinjian' LIMIT 1   [ RunTime:0.0156s ]

[ 2018-09-07T13:18:26+08:00 ] 127.0.0.1 /Admin/Index/index.html
INFO: [ app_init ] --START--
INFO: Run Behavior\BuildLiteBehavior [ RunTime:0.000000s ]
INFO: [ app_init ] --END-- [ RunTime:0.001000s ]
INFO: [ app_begin ] --START--
INFO: Run Behavior\ReadHtmlCacheBehavior [ RunTime:0.001000s ]
INFO: [ app_begin ] --END-- [ RunTime:0.002000s ]
SQL: SHOW COLUMNS FROM `zebra_auth` [ RunTime:0.0240s ]
SQL: SELECT * FROM `zebra_auth` WHERE ( pid = 0 and is_nav = 1 )  [ RunTime:0.0240s ]
SQL: SELECT * FROM `zebra_auth` WHERE ( pid > 0 and is_nav = 1 )  [ RunTime:0.0260s ]
SQL: SHOW COLUMNS FROM `zebra_article` [ RunTime:0.0250s ]
SQL: SELECT `title`,`id` FROM `zebra_article` WHERE `shenhe` < 3 ORDER BY update_time  desc LIMIT 10   [ RunTime:0.0240s ]
SQL: SELECT COUNT(id) AS tp_count FROM `zebra_article` WHERE `shenhe` < 3 LIMIT 1   [ RunTime:0.0250s ]
SQL: SELECT a.*,u.nickname FROM zebra_article a left join zebra_manager as u on a.user_id = u.id  WHERE a.shenhe < 3 ORDER BY a.update_time  desc LIMIT 0,5   [ RunTime:0.0540s ]
SQL: SELECT COUNT(id) AS tp_count FROM `zebra_article` WHERE ( shenhe = 0 ) LIMIT 1   [ RunTime:0.0280s ]
INFO: [ view_parse ] --START--
INFO: [ template_filter ] --START--
INFO: Run Behavior\ContentReplaceBehavior [ RunTime:0.000000s ]
INFO: [ template_filter ] --END-- [ RunTime:0.000000s ]
INFO: Run Behavior\ParseTemplateBehavior [ RunTime:0.022001s ]
INFO: [ view_parse ] --END-- [ RunTime:0.023001s ]
INFO: [ view_filter ] --START--
INFO: Run Behavior\WriteHtmlCacheBehavior [ RunTime:0.001000s ]
INFO: [ view_filter ] --END-- [ RunTime:0.001000s ]
INFO: [ app_end ] --START--
INFO: Run Behavior\ShowPageTraceBehavior [ RunTime:0.003000s ]
INFO: [ app_end ] --END-- [ RunTime:0.003000s ]

[ 2018-09-07T13:25:24+08:00 ] 127.0.0.1 /Admin/index/index.html
INFO: [ app_init ] --START--
INFO: Run Behavior\BuildLiteBehavior [ RunTime:0.000000s ]
INFO: [ app_init ] --END-- [ RunTime:0.001000s ]
INFO: [ app_begin ] --START--
INFO: Run Behavior\ReadHtmlCacheBehavior [ RunTime:0.002000s ]
INFO: [ app_begin ] --END-- [ RunTime:0.002000s ]
SQL: SHOW COLUMNS FROM `zebra_auth` [ RunTime:0.0240s ]
SQL: SELECT * FROM `zebra_auth` WHERE ( pid = 0 and is_nav = 1 )  [ RunTime:0.0250s ]
SQL: SELECT * FROM `zebra_auth` WHERE ( pid > 0 and is_nav = 1 )  [ RunTime:0.0260s ]
SQL: SHOW COLUMNS FROM `zebra_article` [ RunTime:0.0260s ]
SQL: SELECT `title`,`id` FROM `zebra_article` WHERE `shenhe` < 3 ORDER BY update_time  desc LIMIT 10   [ RunTime:0.0280s ]
SQL: SELECT COUNT(id) AS tp_count FROM `zebra_article` WHERE `shenhe` < 3 LIMIT 1   [ RunTime:0.0250s ]
SQL: SELECT a.*,u.nickname FROM zebra_article a left join zebra_manager as u on a.user_id = u.id  WHERE a.shenhe < 3 ORDER BY a.update_time  desc LIMIT 0,5   [ RunTime:0.0640s ]
SQL: SELECT COUNT(id) AS tp_count FROM `zebra_article` WHERE ( shenhe = 0 ) LIMIT 1   [ RunTime:0.0270s ]
INFO: [ view_parse ] --START--
INFO: [ template_filter ] --START--
INFO: Run Behavior\ContentReplaceBehavior [ RunTime:0.000000s ]
INFO: [ template_filter ] --END-- [ RunTime:0.001000s ]
INFO: Run Behavior\ParseTemplateBehavior [ RunTime:0.024001s ]
INFO: [ view_parse ] --END-- [ RunTime:0.024001s ]
INFO: [ view_filter ] --START--
INFO: Run Behavior\WriteHtmlCacheBehavior [ RunTime:0.001000s ]
INFO: [ view_filter ] --END-- [ RunTime:0.001000s ]
INFO: [ app_end ] --START--
INFO: Run Behavior\ShowPageTraceBehavior [ RunTime:0.001001s ]
INFO: [ app_end ] --END-- [ RunTime:0.001001s ]

[ 2018-09-07T13:31:50+08:00 ] 127.0.0.1 /Admin/index/index.html
INFO: [ app_init ] --START--
INFO: Run Behavior\BuildLiteBehavior [ RunTime:0.000000s ]
INFO: [ app_init ] --END-- [ RunTime:0.001000s ]
INFO: [ app_begin ] --START--
INFO: Run Behavior\ReadHtmlCacheBehavior [ RunTime:0.001000s ]
INFO: [ app_begin ] --END-- [ RunTime:0.001000s ]
SQL: SHOW COLUMNS FROM `zebra_auth` [ RunTime:0.0240s ]
SQL: SELECT * FROM `zebra_auth` WHERE ( pid = 0 and is_nav = 1 )  [ RunTime:0.0250s ]
SQL: SELECT * FROM `zebra_auth` WHERE ( pid > 0 and is_nav = 1 )  [ RunTime:0.0280s ]
SQL: SHOW COLUMNS FROM `zebra_article` [ RunTime:0.0290s ]
SQL: SELECT `title`,`id` FROM `zebra_article` WHERE `shenhe` < 3 ORDER BY update_time  desc LIMIT 10   [ RunTime:0.0250s ]
SQL: SELECT COUNT(id) AS tp_count FROM `zebra_article` WHERE `shenhe` < 3 LIMIT 1   [ RunTime:0.0240s ]
SQL: SELECT a.*,u.nickname FROM zebra_article a left join zebra_manager as u on a.user_id = u.id  WHERE a.shenhe < 3 ORDER BY a.update_time  desc LIMIT 0,5   [ RunTime:0.0570s ]
SQL: SELECT COUNT(id) AS tp_count FROM `zebra_article` WHERE ( shenhe = 0 ) LIMIT 1   [ RunTime:0.0250s ]
INFO: [ view_parse ] --START--
INFO: [ template_filter ] --START--
INFO: Run Behavior\ContentReplaceBehavior [ RunTime:0.000000s ]
INFO: [ template_filter ] --END-- [ RunTime:0.000000s ]
INFO: Run Behavior\ParseTemplateBehavior [ RunTime:0.025002s ]
INFO: [ view_parse ] --END-- [ RunTime:0.025002s ]
INFO: [ view_filter ] --START--
INFO: Run Behavior\WriteHtmlCacheBehavior [ RunTime:0.001000s ]
INFO: [ view_filter ] --END-- [ RunTime:0.001000s ]
INFO: [ app_end ] --START--
INFO: Run Behavior\ShowPageTraceBehavior [ RunTime:0.005000s ]
INFO: [ app_end ] --END-- [ RunTime:0.006000s ]

[ 2018-09-07T13:32:02+08:00 ] 127.0.0.1 /Admin/index/index.html
INFO: [ app_init ] --START--
INFO: Run Behavior\BuildLiteBehavior [ RunTime:0.000000s ]
INFO: [ app_init ] --END-- [ RunTime:0.001000s ]
INFO: [ app_begin ] --START--
INFO: Run Behavior\ReadHtmlCacheBehavior [ RunTime:0.001000s ]
INFO: [ app_begin ] --END-- [ RunTime:0.001000s ]
SQL: SHOW COLUMNS FROM `zebra_auth` [ RunTime:0.0280s ]
SQL: SELECT * FROM `zebra_auth` WHERE ( pid = 0 and is_nav = 1 )  [ RunTime:0.0260s ]
SQL: SELECT * FROM `zebra_auth` WHERE ( pid > 0 and is_nav = 1 )  [ RunTime:0.0270s ]
SQL: SHOW COLUMNS FROM `zebra_article` [ RunTime:0.0240s ]
SQL: SELECT `title`,`id` FROM `zebra_article` WHERE `shenhe` < 3 ORDER BY update_time  desc LIMIT 10   [ RunTime:0.0270s ]
SQL: SELECT COUNT(id) AS tp_count FROM `zebra_article` WHERE `shenhe` < 3 LIMIT 1   [ RunTime:0.0250s ]
SQL: SELECT a.*,u.nickname FROM zebra_article a left join zebra_manager as u on a.user_id = u.id  WHERE a.shenhe < 3 ORDER BY a.update_time  desc LIMIT 0,5   [ RunTime:0.0570s ]
SQL: SELECT COUNT(id) AS tp_count FROM `zebra_article` WHERE ( shenhe = 0 ) LIMIT 1   [ RunTime:0.0250s ]
INFO: [ view_parse ] --START--
INFO: [ template_filter ] --START--
INFO: Run Behavior\ContentReplaceBehavior [ RunTime:0.000000s ]
INFO: [ template_filter ] --END-- [ RunTime:0.000000s ]
INFO: Run Behavior\ParseTemplateBehavior [ RunTime:0.022001s ]
INFO: [ view_parse ] --END-- [ RunTime:0.022001s ]
INFO: [ view_filter ] --START--
INFO: Run Behavior\WriteHtmlCacheBehavior [ RunTime:0.001000s ]
INFO: [ view_filter ] --END-- [ RunTime:0.001000s ]
INFO: [ app_end ] --START--
INFO: Run Behavior\ShowPageTraceBehavior [ RunTime:0.002000s ]
INFO: [ app_end ] --END-- [ RunTime:0.002000s ]

[ 2018-09-07T13:32:17+08:00 ] 127.0.0.1 /Admin/index/index.html
INFO: [ app_init ] --START--
INFO: Run Behavior\BuildLiteBehavior [ RunTime:0.000000s ]
INFO: [ app_init ] --END-- [ RunTime:0.001000s ]
INFO: [ app_begin ] --START--
INFO: Run Behavior\ReadHtmlCacheBehavior [ RunTime:0.001000s ]
INFO: [ app_begin ] --END-- [ RunTime:0.001000s ]
SQL: SHOW COLUMNS FROM `zebra_auth` [ RunTime:0.0270s ]
SQL: SELECT * FROM `zebra_auth` WHERE ( pid = 0 and is_nav = 1 )  [ RunTime:0.0270s ]
SQL: SELECT * FROM `zebra_auth` WHERE ( pid > 0 and is_nav = 1 )  [ RunTime:0.0250s ]
SQL: SHOW COLUMNS FROM `zebra_article` [ RunTime:0.0250s ]
SQL: SELECT `title`,`id` FROM `zebra_article` WHERE `shenhe` < 3 ORDER BY update_time  desc LIMIT 10   [ RunTime:0.0270s ]
SQL: SELECT COUNT(id) AS tp_count FROM `zebra_article` WHERE `shenhe` < 3 LIMIT 1   [ RunTime:0.0260s ]
SQL: SELECT a.*,u.nickname FROM zebra_article a left join zebra_manager as u on a.user_id = u.id  WHERE a.shenhe < 3 ORDER BY a.update_time  desc LIMIT 0,5   [ RunTime:0.0550s ]
SQL: SELECT COUNT(id) AS tp_count FROM `zebra_article` WHERE ( shenhe = 0 ) LIMIT 1   [ RunTime:0.0240s ]
INFO: [ view_parse ] --START--
INFO: [ template_filter ] --START--
INFO: Run Behavior\ContentReplaceBehavior [ RunTime:0.000000s ]
INFO: [ template_filter ] --END-- [ RunTime:0.000000s ]
INFO: Run Behavior\ParseTemplateBehavior [ RunTime:0.022001s ]
INFO: [ view_parse ] --END-- [ RunTime:0.023001s ]
INFO: [ view_filter ] --START--
INFO: Run Behavior\WriteHtmlCacheBehavior [ RunTime:0.000000s ]
INFO: [ view_filter ] --END-- [ RunTime:0.001000s ]
INFO: [ app_end ] --START--
INFO: Run Behavior\ShowPageTraceBehavior [ RunTime:0.002001s ]
INFO: [ app_end ] --END-- [ RunTime:0.002001s ]

[ 2018-09-07T13:32:40+08:00 ] 127.0.0.1 /Admin/index/index.html
INFO: [ app_init ] --START--
INFO: Run Behavior\BuildLiteBehavior [ RunTime:0.000000s ]
INFO: [ app_init ] --END-- [ RunTime:0.001000s ]
INFO: [ app_begin ] --START--
INFO: Run Behavior\ReadHtmlCacheBehavior [ RunTime:0.001000s ]
INFO: [ app_begin ] --END-- [ RunTime:0.001000s ]
SQL: SHOW COLUMNS FROM `zebra_auth` [ RunTime:0.0240s ]
SQL: SELECT * FROM `zebra_auth` WHERE ( pid = 0 and is_nav = 1 )  [ RunTime:0.0240s ]
SQL: SELECT * FROM `zebra_auth` WHERE ( pid > 0 and is_nav = 1 )  [ RunTime:0.0290s ]
SQL: SHOW COLUMNS FROM `zebra_article` [ RunTime:0.0240s ]
SQL: SELECT `title`,`id` FROM `zebra_article` WHERE `shenhe` < 3 ORDER BY update_time  desc LIMIT 10   [ RunTime:0.0250s ]
SQL: SELECT COUNT(id) AS tp_count FROM `zebra_article` WHERE `shenhe` < 3 LIMIT 1   [ RunTime:0.0250s ]
SQL: SELECT a.*,u.nickname FROM zebra_article a left join zebra_manager as u on a.user_id = u.id  WHERE a.shenhe < 3 ORDER BY a.update_time  desc LIMIT 0,5   [ RunTime:0.0530s ]
SQL: SELECT COUNT(id) AS tp_count FROM `zebra_article` WHERE ( shenhe = 0 ) LIMIT 1   [ RunTime:0.0310s ]
INFO: [ view_parse ] --START--
INFO: [ template_filter ] --START--
INFO: Run Behavior\ContentReplaceBehavior [ RunTime:0.000000s ]
INFO: [ template_filter ] --END-- [ RunTime:0.000000s ]
INFO: Run Behavior\ParseTemplateBehavior [ RunTime:0.023001s ]
INFO: [ view_parse ] --END-- [ RunTime:0.023001s ]
INFO: [ view_filter ] --START--
INFO: Run Behavior\WriteHtmlCacheBehavior [ RunTime:0.001000s ]
INFO: [ view_filter ] --END-- [ RunTime:0.001000s ]
INFO: [ app_end ] --START--
INFO: Run Behavior\ShowPageTraceBehavior [ RunTime:0.002000s ]
INFO: [ app_end ] --END-- [ RunTime:0.002000s ]

[ 2018-09-07T13:39:53+08:00 ] 127.0.0.1 /admin/Index/index.html
INFO: [ app_init ] --START--
INFO: Run Behavior\BuildLiteBehavior [ RunTime:0.000000s ]
INFO: [ app_init ] --END-- [ RunTime:0.001000s ]
INFO: [ app_begin ] --START--
INFO: Run Behavior\ReadHtmlCacheBehavior [ RunTime:0.001000s ]
INFO: [ app_begin ] --END-- [ RunTime:0.001000s ]
SQL: SHOW COLUMNS FROM `zebra_auth` [ RunTime:0.0240s ]
SQL: SELECT * FROM `zebra_auth` WHERE ( pid = 0 and is_nav = 1 )  [ RunTime:0.0250s ]
SQL: SELECT * FROM `zebra_auth` WHERE ( pid > 0 and is_nav = 1 )  [ RunTime:0.0360s ]
SQL: SHOW COLUMNS FROM `zebra_article` [ RunTime:0.0270s ]
SQL: SELECT `title`,`id` FROM `zebra_article` WHERE `shenhe` < 3 ORDER BY update_time  desc LIMIT 10   [ RunTime:0.0250s ]
SQL: SELECT COUNT(id) AS tp_count FROM `zebra_article` WHERE `shenhe` < 3 LIMIT 1   [ RunTime:0.0240s ]
SQL: SELECT a.*,u.nickname FROM zebra_article a left join zebra_manager as u on a.user_id = u.id  WHERE a.shenhe < 3 ORDER BY a.update_time  desc LIMIT 0,10   [ RunTime:0.0870s ]
SQL: SELECT COUNT(id) AS tp_count FROM `zebra_article` WHERE ( shenhe = 0 ) LIMIT 1   [ RunTime:0.0270s ]
INFO: [ view_parse ] --START--
INFO: [ template_filter ] --START--
INFO: Run Behavior\ContentReplaceBehavior [ RunTime:0.000000s ]
INFO: [ template_filter ] --END-- [ RunTime:0.001000s ]
INFO: Run Behavior\ParseTemplateBehavior [ RunTime:0.022001s ]
INFO: [ view_parse ] --END-- [ RunTime:0.022001s ]
INFO: [ view_filter ] --START--
INFO: Run Behavior\WriteHtmlCacheBehavior [ RunTime:0.001000s ]
INFO: [ view_filter ] --END-- [ RunTime:0.001000s ]
INFO: [ app_end ] --START--
INFO: Run Behavior\ShowPageTraceBehavior [ RunTime:0.007000s ]
INFO: [ app_end ] --END-- [ RunTime:0.007000s ]

[ 2018-09-07T13:40:01+08:00 ] 127.0.0.1 /admin/Index/index.html?page=2
INFO: [ app_init ] --START--
INFO: Run Behavior\BuildLiteBehavior [ RunTime:0.000000s ]
INFO: [ app_init ] --END-- [ RunTime:0.001000s ]
INFO: [ app_begin ] --START--
INFO: Run Behavior\ReadHtmlCacheBehavior [ RunTime:0.001000s ]
INFO: [ app_begin ] --END-- [ RunTime:0.001000s ]
SQL: SHOW COLUMNS FROM `zebra_auth` [ RunTime:0.0250s ]
SQL: SELECT * FROM `zebra_auth` WHERE ( pid = 0 and is_nav = 1 )  [ RunTime:0.0260s ]
SQL: SELECT * FROM `zebra_auth` WHERE ( pid > 0 and is_nav = 1 )  [ RunTime:0.0270s ]
SQL: SHOW COLUMNS FROM `zebra_article` [ RunTime:0.0240s ]
SQL: SELECT `title`,`id` FROM `zebra_article` WHERE `shenhe` < 3 ORDER BY update_time  desc LIMIT 10   [ RunTime:0.0280s ]
SQL: SELECT COUNT(id) AS tp_count FROM `zebra_article` WHERE `shenhe` < 3 LIMIT 1   [ RunTime:0.0250s ]
SQL: SELECT a.*,u.nickname FROM zebra_article a left join zebra_manager as u on a.user_id = u.id  WHERE a.shenhe < 3 ORDER BY a.update_time  desc LIMIT 10,10   [ RunTime:0.0630s ]
SQL: SELECT COUNT(id) AS tp_count FROM `zebra_article` WHERE ( shenhe = 0 ) LIMIT 1   [ RunTime:0.0240s ]
INFO: [ view_parse ] --START--
INFO: [ template_filter ] --START--
INFO: Run Behavior\ContentReplaceBehavior [ RunTime:0.001000s ]
INFO: [ template_filter ] --END-- [ RunTime:0.001000s ]
INFO: Run Behavior\ParseTemplateBehavior [ RunTime:0.022001s ]
INFO: [ view_parse ] --END-- [ RunTime:0.022001s ]
INFO: [ view_filter ] --START--
INFO: Run Behavior\WriteHtmlCacheBehavior [ RunTime:0.002000s ]
INFO: [ view_filter ] --END-- [ RunTime:0.002000s ]
INFO: [ app_end ] --START--
INFO: Run Behavior\ShowPageTraceBehavior [ RunTime:0.001000s ]
INFO: [ app_end ] --END-- [ RunTime:0.002001s ]

[ 2018-09-07T13:49:40+08:00 ] 127.0.0.1 /Admin/index/index.html
INFO: [ app_init ] --START--
INFO: Run Behavior\BuildLiteBehavior [ RunTime:0.000000s ]
INFO: [ app_init ] --END-- [ RunTime:0.000000s ]
INFO: [ app_begin ] --START--
INFO: Run Behavior\ReadHtmlCacheBehavior [ RunTime:0.001000s ]
INFO: [ app_begin ] --END-- [ RunTime:0.001000s ]
SQL: SHOW COLUMNS FROM `zebra_auth` [ RunTime:0.0260s ]
SQL: SELECT * FROM `zebra_auth` WHERE ( pid = 0 and is_nav = 1 )  [ RunTime:0.0260s ]
SQL: SELECT * FROM `zebra_auth` WHERE ( pid > 0 and is_nav = 1 )  [ RunTime:0.0290s ]
SQL: SHOW COLUMNS FROM `zebra_article` [ RunTime:0.0240s ]
SQL: SELECT `title`,`id` FROM `zebra_article` WHERE `shenhe` < 3 ORDER BY update_time  desc LIMIT 10   [ RunTime:0.0260s ]
SQL: SELECT COUNT(id) AS tp_count FROM `zebra_article` WHERE `shenhe` < 3 LIMIT 1   [ RunTime:0.0250s ]
SQL: SELECT a.*,u.nickname FROM zebra_article a left join zebra_manager as u on a.user_id = u.id  WHERE a.shenhe < 3 ORDER BY a.update_time  desc LIMIT 0,10   [ RunTime:0.0820s ]
SQL: SELECT COUNT(id) AS tp_count FROM `zebra_article` WHERE ( shenhe = 0 ) LIMIT 1   [ RunTime:0.0370s ]
INFO: [ view_parse ] --START--
INFO: [ template_filter ] --START--
INFO: Run Behavior\ContentReplaceBehavior [ RunTime:0.001000s ]
INFO: [ template_filter ] --END-- [ RunTime:0.002000s ]
INFO: Run Behavior\ParseTemplateBehavior [ RunTime:0.029001s ]
INFO: [ view_parse ] --END-- [ RunTime:0.029001s ]
INFO: [ view_filter ] --START--
INFO: Run Behavior\WriteHtmlCacheBehavior [ RunTime:0.002000s ]
INFO: [ view_filter ] --END-- [ RunTime:0.002000s ]
INFO: [ app_end ] --START--
INFO: Run Behavior\ShowPageTraceBehavior [ RunTime:0.011001s ]
INFO: [ app_end ] --END-- [ RunTime:0.012001s ]

[ 2018-09-07T13:49:54+08:00 ] 127.0.0.1 /Admin/index/index.html?page=2
INFO: [ app_init ] --START--
INFO: Run Behavior\BuildLiteBehavior [ RunTime:0.000000s ]
INFO: [ app_init ] --END-- [ RunTime:0.001000s ]
INFO: [ app_begin ] --START--
INFO: Run Behavior\ReadHtmlCacheBehavior [ RunTime:0.001000s ]
INFO: [ app_begin ] --END-- [ RunTime:0.001000s ]
SQL: SHOW COLUMNS FROM `zebra_auth` [ RunTime:0.1090s ]
SQL: SELECT * FROM `zebra_auth` WHERE ( pid = 0 and is_nav = 1 )  [ RunTime:0.0760s ]
SQL: SELECT * FROM `zebra_auth` WHERE ( pid > 0 and is_nav = 1 )  [ RunTime:0.0900s ]
SQL: SHOW COLUMNS FROM `zebra_article` [ RunTime:0.0830s ]
SQL: SELECT `title`,`id` FROM `zebra_article` WHERE `shenhe` < 3 ORDER BY update_time  desc LIMIT 10   [ RunTime:0.0710s ]
SQL: SELECT COUNT(id) AS tp_count FROM `zebra_article` WHERE `shenhe` < 3 LIMIT 1   [ RunTime:0.1350s ]
SQL: SELECT a.*,u.nickname FROM zebra_article a left join zebra_manager as u on a.user_id = u.id  WHERE a.shenhe < 3 ORDER BY a.update_time  desc LIMIT 10,10   [ RunTime:0.1810s ]
SQL: SELECT COUNT(id) AS tp_count FROM `zebra_article` WHERE ( shenhe = 0 ) LIMIT 1   [ RunTime:0.0800s ]
INFO: [ view_parse ] --START--
INFO: [ template_filter ] --START--
INFO: Run Behavior\ContentReplaceBehavior [ RunTime:0.000000s ]
INFO: [ template_filter ] --END-- [ RunTime:0.000000s ]
INFO: Run Behavior\ParseTemplateBehavior [ RunTime:0.022001s ]
INFO: [ view_parse ] --END-- [ RunTime:0.022001s ]
INFO: [ view_filter ] --START--
INFO: Run Behavior\WriteHtmlCacheBehavior [ RunTime:0.001000s ]
INFO: [ view_filter ] --END-- [ RunTime:0.001000s ]
INFO: [ app_end ] --START--
INFO: Run Behavior\ShowPageTraceBehavior [ RunTime:0.001000s ]
INFO: [ app_end ] --END-- [ RunTime:0.001000s ]

[ 2018-09-07T13:50:13+08:00 ] 127.0.0.1 /Admin/index/index.html?page=2
INFO: [ app_init ] --START--
INFO: Run Behavior\BuildLiteBehavior [ RunTime:0.000000s ]
INFO: [ app_init ] --END-- [ RunTime:0.001000s ]
INFO: [ app_begin ] --START--
INFO: Run Behavior\ReadHtmlCacheBehavior [ RunTime:0.001000s ]
INFO: [ app_begin ] --END-- [ RunTime:0.001000s ]
SQL: SHOW COLUMNS FROM `zebra_auth` [ RunTime:0.0290s ]
SQL: SELECT * FROM `zebra_auth` WHERE ( pid = 0 and is_nav = 1 )  [ RunTime:0.0280s ]
SQL: SELECT * FROM `zebra_auth` WHERE ( pid > 0 and is_nav = 1 )  [ RunTime:0.0270s ]
SQL: SHOW COLUMNS FROM `zebra_article` [ RunTime:0.0320s ]
SQL: SELECT `title`,`id` FROM `zebra_article` WHERE `shenhe` < 3 ORDER BY update_time  desc LIMIT 10   [ RunTime:0.0280s ]
SQL: SELECT COUNT(id) AS tp_count FROM `zebra_article` WHERE `shenhe` < 3 LIMIT 1   [ RunTime:0.0290s ]
SQL: SELECT a.*,u.nickname FROM zebra_article a left join zebra_manager as u on a.user_id = u.id  WHERE a.shenhe < 3 ORDER BY a.update_time  desc LIMIT 10,10   [ RunTime:0.2450s ]
SQL: SELECT COUNT(id) AS tp_count FROM `zebra_article` WHERE ( shenhe = 0 ) LIMIT 1   [ RunTime:0.0570s ]
INFO: [ view_parse ] --START--
INFO: [ template_filter ] --START--
INFO: Run Behavior\ContentReplaceBehavior [ RunTime:0.001000s ]
INFO: [ template_filter ] --END-- [ RunTime:0.001000s ]
INFO: Run Behavior\ParseTemplateBehavior [ RunTime:0.020001s ]
INFO: [ view_parse ] --END-- [ RunTime:0.020001s ]
INFO: [ view_filter ] --START--
INFO: Run Behavior\WriteHtmlCacheBehavior [ RunTime:0.001000s ]
INFO: [ view_filter ] --END-- [ RunTime:0.001000s ]
INFO: [ app_end ] --START--
INFO: Run Behavior\ShowPageTraceBehavior [ RunTime:0.001000s ]
INFO: [ app_end ] --END-- [ RunTime:0.002000s ]

[ 2018-09-07T13:50:19+08:00 ] 127.0.0.1 /Admin/index/index.html?page=1
INFO: [ app_init ] --START--
INFO: Run Behavior\BuildLiteBehavior [ RunTime:0.000000s ]
INFO: [ app_init ] --END-- [ RunTime:0.001000s ]
INFO: [ app_begin ] --START--
INFO: Run Behavior\ReadHtmlCacheBehavior [ RunTime:0.002000s ]
INFO: [ app_begin ] --END-- [ RunTime:0.002000s ]
SQL: SHOW COLUMNS FROM `zebra_auth` [ RunTime:0.5270s ]
SQL: SELECT * FROM `zebra_auth` WHERE ( pid = 0 and is_nav = 1 )  [ RunTime:0.2600s ]
SQL: SELECT * FROM `zebra_auth` WHERE ( pid > 0 and is_nav = 1 )  [ RunTime:0.1080s ]
SQL: SHOW COLUMNS FROM `zebra_article` [ RunTime:0.0730s ]
SQL: SELECT `title`,`id` FROM `zebra_article` WHERE `shenhe` < 3 ORDER BY update_time  desc LIMIT 10   [ RunTime:0.0920s ]
SQL: SELECT COUNT(id) AS tp_count FROM `zebra_article` WHERE `shenhe` < 3 LIMIT 1   [ RunTime:0.0900s ]
SQL: SELECT a.*,u.nickname FROM zebra_article a left join zebra_manager as u on a.user_id = u.id  WHERE a.shenhe < 3 ORDER BY a.update_time  desc LIMIT 0,10   [ RunTime:0.4740s ]
SQL: SELECT COUNT(id) AS tp_count FROM `zebra_article` WHERE ( shenhe = 0 ) LIMIT 1   [ RunTime:0.0800s ]
INFO: [ view_parse ] --START--
INFO: [ template_filter ] --START--
INFO: Run Behavior\ContentReplaceBehavior [ RunTime:0.000000s ]
INFO: [ template_filter ] --END-- [ RunTime:0.000000s ]
INFO: Run Behavior\ParseTemplateBehavior [ RunTime:0.022002s ]
INFO: [ view_parse ] --END-- [ RunTime:0.022002s ]
INFO: [ view_filter ] --START--
INFO: Run Behavior\WriteHtmlCacheBehavior [ RunTime:0.001000s ]
INFO: [ view_filter ] --END-- [ RunTime:0.001000s ]
INFO: [ app_end ] --START--
INFO: Run Behavior\ShowPageTraceBehavior [ RunTime:0.001000s ]
INFO: [ app_end ] --END-- [ RunTime:0.001000s ]

[ 2018-09-07T14:00:42+08:00 ] 127.0.0.1 /Admin/index/index.html
INFO: [ app_init ] --START--
INFO: Run Behavior\BuildLiteBehavior [ RunTime:0.000000s ]
INFO: [ app_init ] --END-- [ RunTime:0.001000s ]
INFO: [ app_begin ] --START--
INFO: Run Behavior\ReadHtmlCacheBehavior [ RunTime:0.001000s ]
INFO: [ app_begin ] --END-- [ RunTime:0.001000s ]
SQL: SHOW COLUMNS FROM `zebra_auth` [ RunTime:0.0250s ]
SQL: SELECT * FROM `zebra_auth` WHERE ( pid = 0 and is_nav = 1 )  [ RunTime:0.0260s ]
SQL: SELECT * FROM `zebra_auth` WHERE ( pid > 0 and is_nav = 1 )  [ RunTime:0.0270s ]
SQL: SHOW COLUMNS FROM `zebra_article` [ RunTime:0.0270s ]
SQL: SELECT `title`,`id` FROM `zebra_article` WHERE `shenhe` < 3 ORDER BY update_time  desc LIMIT 10   [ RunTime:0.0270s ]
SQL: SELECT COUNT(id) AS tp_count FROM `zebra_article` WHERE `shenhe` < 3 LIMIT 1   [ RunTime:0.0270s ]
SQL: SELECT a.*,u.nickname FROM zebra_article a left join zebra_manager as u on a.user_id = u.id  WHERE a.shenhe < 3 ORDER BY a.update_time  desc LIMIT 0,10   [ RunTime:0.1250s ]
SQL: SELECT COUNT(id) AS tp_count FROM `zebra_article` WHERE ( shenhe = 0 ) LIMIT 1   [ RunTime:0.0270s ]
INFO: [ view_parse ] --START--
INFO: [ template_filter ] --START--
INFO: Run Behavior\ContentReplaceBehavior [ RunTime:0.000000s ]
INFO: [ template_filter ] --END-- [ RunTime:0.000000s ]
INFO: Run Behavior\ParseTemplateBehavior [ RunTime:0.029002s ]
INFO: [ view_parse ] --END-- [ RunTime:0.029002s ]
INFO: [ view_filter ] --START--
INFO: Run Behavior\WriteHtmlCacheBehavior [ RunTime:0.001000s ]
INFO: [ view_filter ] --END-- [ RunTime:0.001000s ]
INFO: [ app_end ] --START--
INFO: Run Behavior\ShowPageTraceBehavior [ RunTime:0.001000s ]
INFO: [ app_end ] --END-- [ RunTime:0.003000s ]

[ 2018-09-07T14:00:48+08:00 ] 127.0.0.1 /Admin/index/index.html?page=2
INFO: [ app_init ] --START--
INFO: Run Behavior\BuildLiteBehavior [ RunTime:0.000000s ]
INFO: [ app_init ] --END-- [ RunTime:0.000000s ]
INFO: [ app_begin ] --START--
INFO: Run Behavior\ReadHtmlCacheBehavior [ RunTime:0.001000s ]
INFO: [ app_begin ] --END-- [ RunTime:0.001000s ]
SQL: SHOW COLUMNS FROM `zebra_auth` [ RunTime:0.0240s ]
SQL: SELECT * FROM `zebra_auth` WHERE ( pid = 0 and is_nav = 1 )  [ RunTime:0.0260s ]
SQL: SELECT * FROM `zebra_auth` WHERE ( pid > 0 and is_nav = 1 )  [ RunTime:0.1030s ]
SQL: SHOW COLUMNS FROM `zebra_article` [ RunTime:0.0380s ]
SQL: SELECT `title`,`id` FROM `zebra_article` WHERE `shenhe` < 3 ORDER BY update_time  desc LIMIT 10   [ RunTime:0.0880s ]
SQL: SELECT COUNT(id) AS tp_count FROM `zebra_article` WHERE `shenhe` < 3 LIMIT 1   [ RunTime:0.3290s ]
SQL: SELECT a.*,u.nickname FROM zebra_article a left join zebra_manager as u on a.user_id = u.id  WHERE a.shenhe < 3 ORDER BY a.update_time  desc LIMIT 10,10   [ RunTime:0.1580s ]
SQL: SELECT COUNT(id) AS tp_count FROM `zebra_article` WHERE ( shenhe = 0 ) LIMIT 1   [ RunTime:0.0400s ]
INFO: [ view_parse ] --START--
INFO: [ template_filter ] --START--
INFO: Run Behavior\ContentReplaceBehavior [ RunTime:0.000000s ]
INFO: [ template_filter ] --END-- [ RunTime:0.000000s ]
INFO: Run Behavior\ParseTemplateBehavior [ RunTime:0.022001s ]
INFO: [ view_parse ] --END-- [ RunTime:0.022001s ]
INFO: [ view_filter ] --START--
INFO: Run Behavior\WriteHtmlCacheBehavior [ RunTime:0.002000s ]
INFO: [ view_filter ] --END-- [ RunTime:0.002000s ]
INFO: [ app_end ] --START--
INFO: Run Behavior\ShowPageTraceBehavior [ RunTime:0.003000s ]
INFO: [ app_end ] --END-- [ RunTime:0.003000s ]

[ 2018-09-07T14:00:52+08:00 ] 127.0.0.1 /Admin/index/index.html?page=3
INFO: [ app_init ] --START--
INFO: Run Behavior\BuildLiteBehavior [ RunTime:0.000000s ]
INFO: [ app_init ] --END-- [ RunTime:0.000000s ]
INFO: [ app_begin ] --START--
INFO: Run Behavior\ReadHtmlCacheBehavior [ RunTime:0.002000s ]
INFO: [ app_begin ] --END-- [ RunTime:0.002000s ]
SQL: SHOW COLUMNS FROM `zebra_auth` [ RunTime:0.0530s ]
SQL: SELECT * FROM `zebra_auth` WHERE ( pid = 0 and is_nav = 1 )  [ RunTime:0.0260s ]
SQL: SELECT * FROM `zebra_auth` WHERE ( pid > 0 and is_nav = 1 )  [ RunTime:0.0260s ]
SQL: SHOW COLUMNS FROM `zebra_article` [ RunTime:0.0760s ]
SQL: SELECT `title`,`id` FROM `zebra_article` WHERE `shenhe` < 3 ORDER BY update_time  desc LIMIT 10   [ RunTime:0.0410s ]
SQL: SELECT COUNT(id) AS tp_count FROM `zebra_article` WHERE `shenhe` < 3 LIMIT 1   [ RunTime:0.0510s ]
SQL: SELECT a.*,u.nickname FROM zebra_article a left join zebra_manager as u on a.user_id = u.id  WHERE a.shenhe < 3 ORDER BY a.update_time  desc LIMIT 20,10   [ RunTime:0.1190s ]
SQL: SELECT COUNT(id) AS tp_count FROM `zebra_article` WHERE ( shenhe = 0 ) LIMIT 1   [ RunTime:0.0250s ]
INFO: [ view_parse ] --START--
INFO: [ template_filter ] --START--
INFO: Run Behavior\ContentReplaceBehavior [ RunTime:0.000000s ]
INFO: [ template_filter ] --END-- [ RunTime:0.000000s ]
INFO: Run Behavior\ParseTemplateBehavior [ RunTime:0.022001s ]
INFO: [ view_parse ] --END-- [ RunTime:0.022001s ]
INFO: [ view_filter ] --START--
INFO: Run Behavior\WriteHtmlCacheBehavior [ RunTime:0.001000s ]
INFO: [ view_filter ] --END-- [ RunTime:0.001000s ]
INFO: [ app_end ] --START--
INFO: Run Behavior\ShowPageTraceBehavior [ RunTime:0.002000s ]
INFO: [ app_end ] --END-- [ RunTime:0.003000s ]

[ 2018-09-07T14:00:57+08:00 ] 127.0.0.1 /Admin/Index/index.html
INFO: [ app_init ] --START--
INFO: Run Behavior\BuildLiteBehavior [ RunTime:0.000000s ]
INFO: [ app_init ] --END-- [ RunTime:0.000000s ]
INFO: [ app_begin ] --START--
INFO: Run Behavior\ReadHtmlCacheBehavior [ RunTime:0.001000s ]
INFO: [ app_begin ] --END-- [ RunTime:0.001000s ]
SQL: SHOW COLUMNS FROM `zebra_auth` [ RunTime:0.1000s ]
SQL: SELECT * FROM `zebra_auth` WHERE ( pid = 0 and is_nav = 1 )  [ RunTime:0.0490s ]
SQL: SELECT * FROM `zebra_auth` WHERE ( pid > 0 and is_nav = 1 )  [ RunTime:0.0340s ]
SQL: SHOW COLUMNS FROM `zebra_article` [ RunTime:0.0690s ]
SQL: SELECT `title`,`id` FROM `zebra_article` WHERE `shenhe` < 3 ORDER BY update_time  desc LIMIT 10   [ RunTime:0.0570s ]
SQL: SELECT COUNT(id) AS tp_count FROM `zebra_article` WHERE `shenhe` < 3 LIMIT 1   [ RunTime:0.0360s ]
SQL: SELECT a.*,u.nickname FROM zebra_article a left join zebra_manager as u on a.user_id = u.id  WHERE a.shenhe < 3 ORDER BY a.update_time  desc LIMIT 0,10   [ RunTime:0.1590s ]
SQL: SELECT COUNT(id) AS tp_count FROM `zebra_article` WHERE ( shenhe = 0 ) LIMIT 1   [ RunTime:0.0560s ]
INFO: [ view_parse ] --START--
INFO: [ template_filter ] --START--
INFO: Run Behavior\ContentReplaceBehavior [ RunTime:0.000000s ]
INFO: [ template_filter ] --END-- [ RunTime:0.000000s ]
INFO: Run Behavior\ParseTemplateBehavior [ RunTime:0.023001s ]
INFO: [ view_parse ] --END-- [ RunTime:0.024001s ]
INFO: [ view_filter ] --START--
INFO: Run Behavior\WriteHtmlCacheBehavior [ RunTime:0.000000s ]
INFO: [ view_filter ] --END-- [ RunTime:0.001000s ]
INFO: [ app_end ] --START--
INFO: Run Behavior\ShowPageTraceBehavior [ RunTime:0.002000s ]
INFO: [ app_end ] --END-- [ RunTime:0.003000s ]

