[ 2018-08-22T14:01:27+08:00 ] 127.0.0.1 /admindebug.php/admin/article/edit/id/38
INFO: [ app_init ] --START--
INFO: Run Behavior\BuildLiteBehavior [ RunTime:0.000000s ]
INFO: [ app_init ] --END-- [ RunTime:0.001000s ]
INFO: [ app_begin ] --START--
INFO: Run Behavior\ReadHtmlCacheBehavior [ RunTime:0.001000s ]
INFO: [ app_begin ] --END-- [ RunTime:0.001000s ]

[ 2018-08-22T14:01:46+08:00 ] 127.0.0.1 /admindebug.php/admin/article/edit/id/38
INFO: [ app_init ] --START--
INFO: Run Behavior\BuildLiteBehavior [ RunTime:0.000000s ]
INFO: [ app_init ] --END-- [ RunTime:0.000000s ]
INFO: [ app_begin ] --START--
INFO: Run Behavior\ReadHtmlCacheBehavior [ RunTime:0.001000s ]
INFO: [ app_begin ] --END-- [ RunTime:0.001000s ]
SQL: SHOW COLUMNS FROM `zebra_auth` [ RunTime:0.0080s ]
SQL: SELECT * FROM `zebra_auth` WHERE ( pid = 0 and is_nav = 1 )  [ RunTime:0.0080s ]
SQL: SELECT * FROM `zebra_auth` WHERE ( pid > 0 and is_nav = 1 )  [ RunTime:0.0120s ]
SQL: SHOW COLUMNS FROM `zebra_cate` [ RunTime:0.0260s ]
SQL: SELECT * FROM `zebra_cate`  [ RunTime:0.0080s ]
NOTIC: [2048] Declaration of Admin\Model\ArticleModel::setField() should be compatible with Think\Model::setField($field, $value = '') F:\WAMP\tpshop\Application\Admin\Model\ArticleModel.class.php 第 44 行.
SQL: SHOW COLUMNS FROM `zebra_article` [ RunTime:0.0140s ]
SQL: SELECT a.*,b.cate_name FROM zebra_article a left join zebra_cate as b on a.cate_id = b.id  WHERE a.id = '38' AND a.shenhe < 3 LIMIT 1   [ RunTime:0.0210s ]
INFO: [ view_parse ] --START--
INFO: [ template_filter ] --START--
INFO: Run Behavior\ContentReplaceBehavior [ RunTime:0.001000s ]
INFO: [ template_filter ] --END-- [ RunTime:0.001000s ]
INFO: Run Behavior\ParseTemplateBehavior [ RunTime:0.018001s ]
INFO: [ view_parse ] --END-- [ RunTime:0.018001s ]
INFO: [ view_filter ] --START--
INFO: Run Behavior\WriteHtmlCacheBehavior [ RunTime:0.001000s ]
INFO: [ view_filter ] --END-- [ RunTime:0.001000s ]
INFO: [ app_end ] --START--
INFO: Run Behavior\ShowPageTraceBehavior [ RunTime:0.001000s ]
INFO: [ app_end ] --END-- [ RunTime:0.001000s ]

[ 2018-08-22T14:02:21+08:00 ] 127.0.0.1 /admindebug.php/admin/article/edit/id/38
INFO: [ app_init ] --START--
INFO: Run Behavior\BuildLiteBehavior [ RunTime:0.001000s ]
INFO: [ app_init ] --END-- [ RunTime:0.001000s ]
INFO: [ app_begin ] --START--
INFO: Run Behavior\ReadHtmlCacheBehavior [ RunTime:0.002000s ]
INFO: [ app_begin ] --END-- [ RunTime:0.002000s ]
SQL: SHOW COLUMNS FROM `zebra_auth` [ RunTime:0.0080s ]
SQL: SELECT * FROM `zebra_auth` WHERE ( pid = 0 and is_nav = 1 )  [ RunTime:0.0090s ]
SQL: SELECT * FROM `zebra_auth` WHERE ( pid > 0 and is_nav = 1 )  [ RunTime:0.0100s ]
INFO: [ view_parse ] --START--
INFO: [ template_filter ] --START--
INFO: Run Behavior\ContentReplaceBehavior [ RunTime:0.000000s ]
INFO: [ template_filter ] --END-- [ RunTime:0.000000s ]
INFO: Run Behavior\ParseTemplateBehavior [ RunTime:0.044003s ]
INFO: [ view_parse ] --END-- [ RunTime:0.044003s ]
INFO: [ view_filter ] --START--
INFO: Run Behavior\WriteHtmlCacheBehavior [ RunTime:0.000000s ]
INFO: [ view_filter ] --END-- [ RunTime:0.000000s ]

[ 2018-08-22T14:51:44+08:00 ] 127.0.0.1 /admindebug.php/admin/article/check/id/34/shenhe/2
INFO: [ app_init ] --START--
INFO: Run Behavior\BuildLiteBehavior [ RunTime:0.000000s ]
INFO: [ app_init ] --END-- [ RunTime:0.001000s ]
INFO: [ app_begin ] --START--
INFO: Run Behavior\ReadHtmlCacheBehavior [ RunTime:0.000000s ]
INFO: [ app_begin ] --END-- [ RunTime:0.000000s ]
SQL: SHOW COLUMNS FROM `zebra_auth` [ RunTime:0.0110s ]
SQL: SELECT * FROM `zebra_auth` WHERE ( pid = 0 and is_nav = 1 )  [ RunTime:0.0090s ]
SQL: SELECT * FROM `zebra_auth` WHERE ( pid > 0 and is_nav = 1 )  [ RunTime:0.0110s ]

[ 2018-08-22T14:52:24+08:00 ] 127.0.0.1 /admindebug.php/admin/article/check/id/34/shenhe/2
INFO: [ app_init ] --START--
INFO: Run Behavior\BuildLiteBehavior [ RunTime:0.000000s ]
INFO: [ app_init ] --END-- [ RunTime:0.000000s ]
INFO: [ app_begin ] --START--
INFO: Run Behavior\ReadHtmlCacheBehavior [ RunTime:0.000000s ]
INFO: [ app_begin ] --END-- [ RunTime:0.001000s ]
SQL: SHOW COLUMNS FROM `zebra_auth` [ RunTime:0.0090s ]
SQL: SELECT * FROM `zebra_auth` WHERE ( pid = 0 and is_nav = 1 )  [ RunTime:0.3060s ]
SQL: SELECT * FROM `zebra_auth` WHERE ( pid > 0 and is_nav = 1 )  [ RunTime:0.0100s ]

[ 2018-08-22T14:52:44+08:00 ] 127.0.0.1 /admindebug.php/admin/article/check/id/34/shenhe/2
INFO: [ app_init ] --START--
INFO: Run Behavior\BuildLiteBehavior [ RunTime:0.000000s ]
INFO: [ app_init ] --END-- [ RunTime:0.000000s ]
INFO: [ app_begin ] --START--
INFO: Run Behavior\ReadHtmlCacheBehavior [ RunTime:0.001000s ]
INFO: [ app_begin ] --END-- [ RunTime:0.001000s ]
SQL: SHOW COLUMNS FROM `zebra_auth` [ RunTime:0.0100s ]
SQL: SELECT * FROM `zebra_auth` WHERE ( pid = 0 and is_nav = 1 )  [ RunTime:0.0100s ]
SQL: SELECT * FROM `zebra_auth` WHERE ( pid > 0 and is_nav = 1 )  [ RunTime:0.0100s ]

[ 2018-08-22T14:53:33+08:00 ] 127.0.0.1 /admindebug.php/admin/article/check/id/34/shenhe/2
INFO: [ app_init ] --START--
INFO: Run Behavior\BuildLiteBehavior [ RunTime:0.000000s ]
INFO: [ app_init ] --END-- [ RunTime:0.000000s ]
INFO: [ app_begin ] --START--
INFO: Run Behavior\ReadHtmlCacheBehavior [ RunTime:0.000000s ]
INFO: [ app_begin ] --END-- [ RunTime:0.001000s ]
SQL: SHOW COLUMNS FROM `zebra_auth` [ RunTime:0.0080s ]
SQL: SELECT * FROM `zebra_auth` WHERE ( pid = 0 and is_nav = 1 )  [ RunTime:0.0070s ]
SQL: SELECT * FROM `zebra_auth` WHERE ( pid > 0 and is_nav = 1 )  [ RunTime:0.0100s ]

[ 2018-08-22T15:14:28+08:00 ] 127.0.0.1 /admindebug.php/admin/article/check/id/34/shenhe/2
INFO: [ app_init ] --START--
INFO: Run Behavior\BuildLiteBehavior [ RunTime:0.000000s ]
INFO: [ app_init ] --END-- [ RunTime:0.001000s ]
INFO: [ app_begin ] --START--
INFO: Run Behavior\ReadHtmlCacheBehavior [ RunTime:0.001000s ]
INFO: [ app_begin ] --END-- [ RunTime:0.001000s ]
SQL: SHOW COLUMNS FROM `zebra_auth` [ RunTime:0.0090s ]
SQL: SELECT * FROM `zebra_auth` WHERE ( pid = 0 and is_nav = 1 )  [ RunTime:0.0080s ]
SQL: SELECT * FROM `zebra_auth` WHERE ( pid > 0 and is_nav = 1 )  [ RunTime:0.0090s ]
SQL: SHOW COLUMNS FROM `zebra_article` [ RunTime:0.0100s ]
SQL: UPDATE `zebra_article` SET `shenhe`='2' WHERE `id` = 38 [ RunTime:0.0920s ]

[ 2018-08-22T15:15:23+08:00 ] 127.0.0.1 /admindebug.php/admin/article/check/id/34/shenhe/2
INFO: [ app_init ] --START--
INFO: Run Behavior\BuildLiteBehavior [ RunTime:0.000000s ]
INFO: [ app_init ] --END-- [ RunTime:0.001000s ]
INFO: [ app_begin ] --START--
INFO: Run Behavior\ReadHtmlCacheBehavior [ RunTime:0.001000s ]
INFO: [ app_begin ] --END-- [ RunTime:0.001000s ]
SQL: SHOW COLUMNS FROM `zebra_auth` [ RunTime:0.0090s ]
SQL: SELECT * FROM `zebra_auth` WHERE ( pid = 0 and is_nav = 1 )  [ RunTime:0.0170s ]
SQL: SELECT * FROM `zebra_auth` WHERE ( pid > 0 and is_nav = 1 )  [ RunTime:0.0120s ]
SQL: SHOW COLUMNS FROM `zebra_article` [ RunTime:0.0100s ]
SQL: UPDATE `zebra_article` SET `shenhe`='2' WHERE `id` = 34 [ RunTime:0.0190s ]

[ 2018-08-22T15:15:40+08:00 ] 127.0.0.1 /admindebug.php/admin/article/check/id/34/shenhe/2
INFO: [ app_init ] --START--
INFO: Run Behavior\BuildLiteBehavior [ RunTime:0.000000s ]
INFO: [ app_init ] --END-- [ RunTime:0.001000s ]
INFO: [ app_begin ] --START--
INFO: Run Behavior\ReadHtmlCacheBehavior [ RunTime:0.001000s ]
INFO: [ app_begin ] --END-- [ RunTime:0.001000s ]
SQL: SHOW COLUMNS FROM `zebra_auth` [ RunTime:0.0090s ]
SQL: SELECT * FROM `zebra_auth` WHERE ( pid = 0 and is_nav = 1 )  [ RunTime:0.0090s ]
SQL: SELECT * FROM `zebra_auth` WHERE ( pid > 0 and is_nav = 1 )  [ RunTime:0.0120s ]
SQL: SHOW COLUMNS FROM `zebra_article` [ RunTime:0.0100s ]
SQL: UPDATE `zebra_article` SET `shenhe`='2' WHERE `id` = 34 [ RunTime:0.0250s ]

[ 2018-08-22T15:15:59+08:00 ] 127.0.0.1 /admindebug.php/admin/article/check/id/34/shenhe/2
INFO: [ app_init ] --START--
INFO: Run Behavior\BuildLiteBehavior [ RunTime:0.000000s ]
INFO: [ app_init ] --END-- [ RunTime:0.002000s ]
INFO: [ app_begin ] --START--
INFO: Run Behavior\ReadHtmlCacheBehavior [ RunTime:0.001000s ]
INFO: [ app_begin ] --END-- [ RunTime:0.001000s ]
SQL: SHOW COLUMNS FROM `zebra_auth` [ RunTime:0.0120s ]
SQL: SELECT * FROM `zebra_auth` WHERE ( pid = 0 and is_nav = 1 )  [ RunTime:0.0110s ]
SQL: SELECT * FROM `zebra_auth` WHERE ( pid > 0 and is_nav = 1 )  [ RunTime:0.0100s ]
SQL: SHOW COLUMNS FROM `zebra_article` [ RunTime:0.0080s ]
SQL: UPDATE `zebra_article` SET `shenhe`='2' WHERE `id` = 34 [ RunTime:0.0160s ]

[ 2018-08-22T15:16:21+08:00 ] 127.0.0.1 /admindebug.php/admin/article/
INFO: [ app_init ] --START--
INFO: Run Behavior\BuildLiteBehavior [ RunTime:0.000000s ]
INFO: [ app_init ] --END-- [ RunTime:0.000000s ]
INFO: [ app_begin ] --START--
INFO: Run Behavior\ReadHtmlCacheBehavior [ RunTime:0.000000s ]
INFO: [ app_begin ] --END-- [ RunTime:0.001000s ]
SQL: SHOW COLUMNS FROM `zebra_auth` [ RunTime:0.0090s ]
SQL: SELECT * FROM `zebra_auth` WHERE ( pid = 0 and is_nav = 1 )  [ RunTime:0.0110s ]
SQL: SELECT * FROM `zebra_auth` WHERE ( pid > 0 and is_nav = 1 )  [ RunTime:0.0090s ]
SQL: SHOW COLUMNS FROM `zebra_article` [ RunTime:0.0100s ]
SQL: SELECT a.id,a.title,c.cate_name,a.md,a.shenhe,a.hits,a.update_time FROM zebra_article a left join zebra_cate as c on a.cate_id = c.id  WHERE `user_id` = '1' AND `md` = '0' AND `shenhe` < 3 ORDER BY a.update_time  desc  [ RunTime:0.0110s ]
INFO: [ view_parse ] --START--
INFO: [ template_filter ] --START--
INFO: Run Behavior\ContentReplaceBehavior [ RunTime:0.000000s ]
INFO: [ template_filter ] --END-- [ RunTime:0.000000s ]
INFO: Run Behavior\ParseTemplateBehavior [ RunTime:0.021001s ]
INFO: [ view_parse ] --END-- [ RunTime:0.021001s ]
INFO: [ view_filter ] --START--
INFO: Run Behavior\WriteHtmlCacheBehavior [ RunTime:0.001000s ]
INFO: [ view_filter ] --END-- [ RunTime:0.001000s ]
INFO: [ app_end ] --START--
INFO: Run Behavior\ShowPageTraceBehavior [ RunTime:0.001000s ]
INFO: [ app_end ] --END-- [ RunTime:0.001000s ]

[ 2018-08-22T15:16:38+08:00 ] 127.0.0.1 /admindebug.php/admin/article/
INFO: [ app_init ] --START--
INFO: Run Behavior\BuildLiteBehavior [ RunTime:0.000000s ]
INFO: [ app_init ] --END-- [ RunTime:0.001000s ]
INFO: [ app_begin ] --START--
INFO: Run Behavior\ReadHtmlCacheBehavior [ RunTime:0.000000s ]
INFO: [ app_begin ] --END-- [ RunTime:0.001000s ]
SQL: SHOW COLUMNS FROM `zebra_auth` [ RunTime:0.0090s ]
SQL: SELECT * FROM `zebra_auth` WHERE ( pid = 0 and is_nav = 1 )  [ RunTime:0.0100s ]
SQL: SELECT * FROM `zebra_auth` WHERE ( pid > 0 and is_nav = 1 )  [ RunTime:0.0090s ]
SQL: SHOW COLUMNS FROM `zebra_article` [ RunTime:0.0090s ]
SQL: SELECT a.id,a.title,c.cate_name,a.md,a.shenhe,a.hits,a.update_time FROM zebra_article a left join zebra_cate as c on a.cate_id = c.id  WHERE `user_id` = '1' AND `md` = '0' AND `shenhe` < 3 ORDER BY a.update_time  desc  [ RunTime:0.0090s ]
INFO: [ view_parse ] --START--
INFO: [ template_filter ] --START--
INFO: Run Behavior\ContentReplaceBehavior [ RunTime:0.000000s ]
INFO: [ template_filter ] --END-- [ RunTime:0.001000s ]
INFO: Run Behavior\ParseTemplateBehavior [ RunTime:0.020001s ]
INFO: [ view_parse ] --END-- [ RunTime:0.020001s ]
INFO: [ view_filter ] --START--
INFO: Run Behavior\WriteHtmlCacheBehavior [ RunTime:0.001001s ]
INFO: [ view_filter ] --END-- [ RunTime:0.001001s ]
INFO: [ app_end ] --START--
INFO: Run Behavior\ShowPageTraceBehavior [ RunTime:0.001000s ]
INFO: [ app_end ] --END-- [ RunTime:0.002000s ]

[ 2018-08-22T15:16:46+08:00 ] 127.0.0.1 /admindebug.php/admin/article/
INFO: [ app_init ] --START--
INFO: Run Behavior\BuildLiteBehavior [ RunTime:0.000000s ]
INFO: [ app_init ] --END-- [ RunTime:0.001000s ]
INFO: [ app_begin ] --START--
INFO: Run Behavior\ReadHtmlCacheBehavior [ RunTime:0.001000s ]
INFO: [ app_begin ] --END-- [ RunTime:0.001000s ]
SQL: SHOW COLUMNS FROM `zebra_auth` [ RunTime:0.0090s ]
SQL: SELECT * FROM `zebra_auth` WHERE ( pid = 0 and is_nav = 1 )  [ RunTime:0.0110s ]
SQL: SELECT * FROM `zebra_auth` WHERE ( pid > 0 and is_nav = 1 )  [ RunTime:0.0120s ]
SQL: SHOW COLUMNS FROM `zebra_article` [ RunTime:0.0090s ]
SQL: SELECT a.id,a.title,c.cate_name,a.md,a.shenhe,a.hits,a.update_time FROM zebra_article a left join zebra_cate as c on a.cate_id = c.id  WHERE `user_id` = '1' AND `md` = '0' AND `shenhe` < 3 ORDER BY a.update_time  desc  [ RunTime:0.0100s ]
INFO: [ view_parse ] --START--
INFO: [ template_filter ] --START--
INFO: Run Behavior\ContentReplaceBehavior [ RunTime:0.000000s ]
INFO: [ template_filter ] --END-- [ RunTime:0.000000s ]
INFO: Run Behavior\ParseTemplateBehavior [ RunTime:0.022001s ]
INFO: [ view_parse ] --END-- [ RunTime:0.022001s ]
INFO: [ view_filter ] --START--
INFO: Run Behavior\WriteHtmlCacheBehavior [ RunTime:0.001000s ]
INFO: [ view_filter ] --END-- [ RunTime:0.001000s ]
INFO: [ app_end ] --START--
INFO: Run Behavior\ShowPageTraceBehavior [ RunTime:0.001000s ]
INFO: [ app_end ] --END-- [ RunTime:0.001000s ]

[ 2018-08-22T15:21:17+08:00 ] 127.0.0.1 /admindebug.php/admin/article/
INFO: [ app_init ] --START--
INFO: Run Behavior\BuildLiteBehavior [ RunTime:0.000000s ]
INFO: [ app_init ] --END-- [ RunTime:0.001000s ]
INFO: [ app_begin ] --START--
INFO: Run Behavior\ReadHtmlCacheBehavior [ RunTime:0.001000s ]
INFO: [ app_begin ] --END-- [ RunTime:0.001000s ]
SQL: SHOW COLUMNS FROM `zebra_auth` [ RunTime:0.0230s ]
SQL: SELECT * FROM `zebra_auth` WHERE ( pid = 0 and is_nav = 1 )  [ RunTime:0.0080s ]
SQL: SELECT * FROM `zebra_auth` WHERE ( pid > 0 and is_nav = 1 )  [ RunTime:0.0120s ]
SQL: SHOW COLUMNS FROM `zebra_article` [ RunTime:0.0090s ]
SQL: SELECT a.id,a.title,c.cate_name,a.md,a.shenhe,a.hits,a.update_time FROM zebra_article a left join zebra_cate as c on a.cate_id = c.id  WHERE `user_id` = '1' AND `md` = '0' AND `shenhe` < 3 ORDER BY a.update_time  desc  [ RunTime:0.0140s ]
INFO: [ view_parse ] --START--
INFO: [ template_filter ] --START--
INFO: Run Behavior\ContentReplaceBehavior [ RunTime:0.000000s ]
INFO: [ template_filter ] --END-- [ RunTime:0.000000s ]
INFO: Run Behavior\ParseTemplateBehavior [ RunTime:0.020001s ]
INFO: [ view_parse ] --END-- [ RunTime:0.021001s ]
INFO: [ view_filter ] --START--
INFO: Run Behavior\WriteHtmlCacheBehavior [ RunTime:0.000000s ]
INFO: [ view_filter ] --END-- [ RunTime:0.000000s ]
INFO: [ app_end ] --START--
INFO: Run Behavior\ShowPageTraceBehavior [ RunTime:0.001000s ]
INFO: [ app_end ] --END-- [ RunTime:0.001000s ]

[ 2018-08-22T15:33:13+08:00 ] 127.0.0.1 /admin/index/index.html
ERR: 1064:You have an error in your SQL syntax; check the manual that corresponds to your MySQL server version for the right syntax to use near '::shenhe ) LIMIT 1' at line 1
 [ SQL语句 ] : SELECT COUNT(id) AS tp_count FROM `zebra_article` WHERE ( shenhe < self::shenhe ) LIMIT 1  
ERR: 1064:You have an error in your SQL syntax; check the manual that corresponds to your MySQL server version for the right syntax to use near '::shenhe ) LIMIT 1' at line 1
 [ SQL语句 ] : SELECT COUNT(id) AS tp_count FROM `zebra_article` WHERE ( shenhe < self::shenhe ) LIMIT 1  

[ 2018-08-22T15:33:23+08:00 ] 127.0.0.1 /admin/index/index.html
ERR: 1064:You have an error in your SQL syntax; check the manual that corresponds to your MySQL server version for the right syntax to use near '::shenhe} ) LIMIT 1' at line 1
 [ SQL语句 ] : SELECT COUNT(id) AS tp_count FROM `zebra_article` WHERE ( shenhe < {self::shenhe} ) LIMIT 1  
ERR: 1064:You have an error in your SQL syntax; check the manual that corresponds to your MySQL server version for the right syntax to use near '::shenhe} ) LIMIT 1' at line 1
 [ SQL语句 ] : SELECT COUNT(id) AS tp_count FROM `zebra_article` WHERE ( shenhe < {self::shenhe} ) LIMIT 1  

[ 2018-08-22T15:34:07+08:00 ] 127.0.0.1 /admin/index/index.html
ERR: 1064:You have an error in your SQL syntax; check the manual that corresponds to your MySQL server version for the right syntax to use near '::shenhe ) LIMIT 1' at line 1
 [ SQL语句 ] : SELECT COUNT(id) AS tp_count FROM `zebra_article` WHERE ( shenhe < ::shenhe ) LIMIT 1  
ERR: 1064:You have an error in your SQL syntax; check the manual that corresponds to your MySQL server version for the right syntax to use near '::shenhe ) LIMIT 1' at line 1
 [ SQL语句 ] : SELECT COUNT(id) AS tp_count FROM `zebra_article` WHERE ( shenhe < ::shenhe ) LIMIT 1  

